*******  ------------------------------------------------------  *******
*******     GAJOE - version 2.1 - (r9684)                        *******
*******     Copyright (c) ATSAS Team                             *******
*******     EMBL, Hamburg Outstation, 2007 - 2015                *******
*******                                                          *******
*******     For doubts/questions please visit SAXIER forum:      *******
*******     http://www.saxier.org/forum/viewforum.php?f=10       *******
*******                                                          *******
*******     In case of bugs please refer to:                     *******
*******     G. Tria, D.I. Svergun, EMBL BioSAXS group            *******
*******     atsas@embl-hamburg.de                                *******
*******  ------------------------------------------------------  *******

 Experimental data file name ............................ : /Users/saltzberg/temporary/merge_r3sh.dat
 -------------------------------------------
 -- Pool(s)
 Intensities file name .................................. : juneom.eom
 RANCH log file name .................................... : ./Rancheom.log
 SIZE_list file name .................................... : Size_listeom.txt
 ---
 -------------------------------------------
 -- Standard Mode
 Maximum number of curves per ensemble (min. 1, max. 50)  : 20
 Minimum number of curves per ensemble (min. 1) ......... : 5
 Constant subtraction allowed? .......................... : Y
 Curve repetition in the ensemble allowed? .............. : Y
 Number of times you want the genetic algorithm repeated (min. 1): 100
 -------------------------------------------
 -- Number of theoretical curves :        10000
 -------------------------------------------
 Start:  Mon Jun 11 12:58:01 2018
 End:    Mon Jun 11 13:26:39 2018
 -------------------------------------------
 -- Chi^2 :  2.294
 -------------------------------------------
 -- Rflex (random) / Rsigma: ~ 87.45% (~ 87.57%) / 4.17
 -------------------------------------------
 -- Constant subtracted : -0.382
 -------------------------------------------
 -- Files created:
 Fit to the experimental data (in 1/angstrom) ........... : profiles_001_1.fit
 Radius of gyration distribution (in angstrom) .......... : Rg_distr_001_1.txt
 Max Dimensions distribution (in angstrom) .............. : Size_distr_001_1.txt
 Ca(N)-Ca(C) distances distribution (in angstrom) ....... : CaCa_distr_001_1.txt
 Volume distribution (in angstrom) ...................... : Volume_distr_001_1.txt
 -------------------------------------------
 -- PDB models in the folder "GA001/curve_1/pdb":
  #  Filename                 Rg       Dmax     Fraction        

  1) 01226eom.pdb           19.53      50.38    ~0.222.00   9
  2) 01765eom.pdb           13.81      42.25    ~0.444.00   9
  3) 06120eom.pdb           12.36      31.82    ~0.111.00   9
  4) 06642eom.pdb           19.99      59.09    ~0.222.00   9

 Final ensemble :           16.29      46.64
