*******  ------------------------------------------------------  *******
*******     GAJOE - version 2.1 - (r9684)                        *******
*******     Copyright (c) ATSAS Team                             *******
*******     EMBL, Hamburg Outstation, 2007 - 2015                *******
*******                                                          *******
*******     For doubts/questions please visit SAXIER forum:      *******
*******     http://www.saxier.org/forum/viewforum.php?f=10       *******
*******                                                          *******
*******     In case of bugs please refer to:                     *******
*******     G. Tria, D.I. Svergun, EMBL BioSAXS group            *******
*******     atsas@embl-hamburg.de                                *******
*******  ------------------------------------------------------  *******

 Experimental data file name ............................ : /Users/saltzberg/temporary/merge_r3sh.dat
 -------------------------------------------
 -- Pool(s)
 Intensities file name .................................. : juneom.eom
 RANCH log file name .................................... : ./Rancheom.log
 SIZE_list file name .................................... : Size_listeom.txt
 ---
 -------------------------------------------
 -- Standard Mode
 Maximum number of curves per ensemble (min. 1, max. 50)  : 20
 Minimum number of curves per ensemble (min. 1) ......... : 5
 Constant subtraction allowed? .......................... : Y
 Curve repetition in the ensemble allowed? .............. : Y
 Number of times you want the genetic algorithm repeated (min. 1): 100
 -------------------------------------------
 -- Number of theoretical curves :        10000
 -------------------------------------------
 Start:  Tue Jun 12 11:46:00 2018
 End:    Tue Jun 12 12:27:36 2018
 -------------------------------------------
 -- Chi^2 :  2.366
 -------------------------------------------
 -- Rflex (random) / Rsigma: ~ 88.37% (~ 87.72%) / 6.44
 -------------------------------------------
 -- Constant subtracted : -0.374
 -------------------------------------------
 -- Files created:
 Fit to the experimental data (in 1/angstrom) ........... : profiles_002_1.fit
 Radius of gyration distribution (in angstrom) .......... : Rg_distr_002_1.txt
 Max Dimensions distribution (in angstrom) .............. : Size_distr_002_1.txt
 Ca(N)-Ca(C) distances distribution (in angstrom) ....... : CaCa_distr_002_1.txt
 Volume distribution (in angstrom) ...................... : Volume_distr_002_1.txt
 -------------------------------------------
 -- PDB models in the folder "GA002/curve_1/pdb":
  #  Filename                 Rg       Dmax     Fraction        

  1) 01784eom.pdb           19.73      52.75    ~0.333.00   9
  2) 02019eom.pdb           17.81      50.23    ~0.333.00   9
  3) 03406eom.pdb           12.40      31.45    ~0.333.00   9

 Final ensemble :           16.64      44.81
